c:\users\ilari\source\repos\cupgenerator\cupgen\build\rvglcupopponents\x64\release\vc143.pdb
c:\users\ilari\source\repos\cupgenerator\cupgen\build\rvglcupopponents\x64\release\signatures.obj
c:\users\ilari\source\repos\cupgenerator\cupgen\build\rvglcupopponents\x64\release\opponentsmod.obj
c:\users\ilari\source\repos\cupgenerator\cupgen\build\rvglcupopponents\x64\release\obtainmod.obj
c:\users\ilari\source\repos\cupgenerator\cupgen\build\rvglcupopponents\x64\release\dllmain.obj
c:\users\ilari\source\repos\cupgenerator\cupgen\build\rvglcupopponents\x64\release\cupgenglobals.obj
c:\users\ilari\source\repos\cupgenerator\cupgen\build\rvglcupopponents\x64\release\core.obj
c:\users\ilari\source\repos\cupgenerator\cupgen\build\rvglcupopponents\x64\release\addresses.obj
c:\users\ilari\source\repos\cupgenerator\cupgen\dist\x64\rvglcupopponents.dll
c:\users\ilari\source\repos\cupgenerator\cupgen\dist\x64\rvglcupopponents.pdb
c:\users\ilari\source\repos\cupgenerator\cupgen\dist\x64\rvglcupopponents.lib
c:\users\ilari\source\repos\cupgenerator\cupgen\dist\x64\rvglcupopponents.exp
c:\users\ilari\source\repos\cupgenerator\cupgen\build\rvglcupopponents\x64\release\rvglcupopponents.ipdb
c:\users\ilari\source\repos\cupgenerator\cupgen\build\rvglcupopponents\x64\release\rvglcupopponents.iobj
c:\users\ilari\source\repos\cupgenerator\cupgen\build\rvglcupopponents\x64\release\cupgenmoddll.vcxproj.filelistabsolute.txt
c:\users\ilari\source\repos\cupgenerator\cupgen\build\rvglcupopponents\x64\release\rvglcupopponents.tlog\cl.command.1.tlog
c:\users\ilari\source\repos\cupgenerator\cupgen\build\rvglcupopponents\x64\release\rvglcupopponents.tlog\cl.items.tlog
c:\users\ilari\source\repos\cupgenerator\cupgen\build\rvglcupopponents\x64\release\rvglcupopponents.tlog\cl.read.1.tlog
c:\users\ilari\source\repos\cupgenerator\cupgen\build\rvglcupopponents\x64\release\rvglcupopponents.tlog\cl.write.1.tlog
c:\users\ilari\source\repos\cupgenerator\cupgen\build\rvglcupopponents\x64\release\rvglcupopponents.tlog\link.command.1.tlog
c:\users\ilari\source\repos\cupgenerator\cupgen\build\rvglcupopponents\x64\release\rvglcupopponents.tlog\link.read.1.tlog
c:\users\ilari\source\repos\cupgenerator\cupgen\build\rvglcupopponents\x64\release\rvglcupopponents.tlog\link.secondary.1.tlog
c:\users\ilari\source\repos\cupgenerator\cupgen\build\rvglcupopponents\x64\release\rvglcupopponents.tlog\link.write.1.tlog
