  addresses.cpp
  core.cpp
  CupGenGlobals.cpp
C:\Users\ilari\source\repos\cupgenerator\CupGen\CupGen.ModDLL\CupGenGlobals.cpp(88,18): warning C4273: 'CupGen::SetRvglRoot': inconsistent dll linkage
      C:\Users\ilari\source\repos\cupgenerator\CupGen\CupGen.ModDLL\CupGenGlobals.h(19,21):
      see previous definition of 'CupGen::SetRvglRoot'
  
C:\Users\ilari\source\repos\cupgenerator\CupGen\CupGen.ModDLL\CupGenGlobals.cpp(99,43): warning C4273: 'CupGen::CupGen_SetRvglRoot': inconsistent dll linkage
      C:\Users\ilari\source\repos\cupgenerator\CupGen\CupGen.ModDLL\CupGenGlobals.h(22,32):
      see previous definition of 'CupGen::CupGen_SetRvglRoot'
  
C:\Users\ilari\source\repos\cupgenerator\CupGen\CupGen.ModDLL\CupGenGlobals.cpp(104,24): warning C4273: 'CupGen::RvglRoot': inconsistent dll linkage
      C:\Users\ilari\source\repos\cupgenerator\CupGen\CupGen.ModDLL\CupGenGlobals.h(25,35):
      see previous definition of 'CupGen::RvglRoot'
  
C:\Users\ilari\source\repos\cupgenerator\CupGen\CupGen.ModDLL\CupGenGlobals.cpp(111,24): warning C4273: 'CupGen::ProfilesBase': inconsistent dll linkage
      C:\Users\ilari\source\repos\cupgenerator\CupGen\CupGen.ModDLL\CupGenGlobals.h(26,35):
      see previous definition of 'CupGen::ProfilesBase'
  
C:\Users\ilari\source\repos\cupgenerator\CupGen\CupGen.ModDLL\CupGenGlobals.cpp(112,24): warning C4273: 'CupGen::CupsDir': inconsistent dll linkage
      C:\Users\ilari\source\repos\cupgenerator\CupGen\CupGen.ModDLL\CupGenGlobals.h(27,35):
      see previous definition of 'CupGen::CupsDir'
  
C:\Users\ilari\source\repos\cupgenerator\CupGen\CupGen.ModDLL\CupGenGlobals.cpp(113,24): warning C4273: 'CupGen::CupGenDir': inconsistent dll linkage
      C:\Users\ilari\source\repos\cupgenerator\CupGen\CupGen.ModDLL\CupGenGlobals.h(28,35):
      see previous definition of 'CupGen::CupGenDir'
  
C:\Users\ilari\source\repos\cupgenerator\CupGen\CupGen.ModDLL\CupGenGlobals.cpp(114,24): warning C4273: 'CupGen::CupGenLogsDir': inconsistent dll linkage
      C:\Users\ilari\source\repos\cupgenerator\CupGen\CupGen.ModDLL\CupGenGlobals.h(29,35):
      see previous definition of 'CupGen::CupGenLogsDir'
  
  dllmain.cpp
  obtainmod.cpp
  opponentsmod.cpp
  signatures.cpp
     Creating library C:\Users\ilari\source\repos\cupgenerator\CupGen\dist\Win32\RVGLCupOpponents.lib and object C:\Users\ilari\source\repos\cupgenerator\CupGen\dist\Win32\RVGLCupOpponents.exp
LINK : warning LNK4098: defaultlib 'LIBCMT' conflicts with use of other libs; use /NODEFAULTLIB:library
  Generating code
  Previous IPDB not found, fall back to full compilation.
  All 1513 functions were compiled because no usable IPDB/IOBJ from previous compilation was found.
  Finished generating code
  CupGenModDLL.vcxproj -> C:\Users\ilari\source\repos\cupgenerator\CupGen\dist\Win32\RVGLCupOpponents.dll
